<?xml version="1.0" encoding="UTF-8"?>
<testng-results skipped="0" failed="0" ignored="0" total="1" passed="1">
  <reporter-output>
  </reporter-output>
  <suite name="Suite" duration-ms="13560" started-at="2020-07-27T02:56:43 EDT" finished-at="2020-07-27T02:56:57 EDT">
    <groups>
    </groups>
    <test name="Test" duration-ms="13560" started-at="2020-07-27T02:56:43 EDT" finished-at="2020-07-27T02:56:57 EDT">
      <class name="com.maven.MainTest">
        <test-method status="PASS" signature="verifylogin()[pri:0, instance:com.maven.MainTest@6737fd8f]" name="verifylogin" duration-ms="13214" started-at="2020-07-27T02:56:43 EDT" finished-at="2020-07-27T02:56:57 EDT">
          <reporter-output>
          </reporter-output>
        </test-method> <!-- verifylogin -->
        <test-method status="PASS" signature="closingbrowser()[pri:0, instance:com.maven.MainTest@6737fd8f]" name="closingbrowser" is-config="true" duration-ms="224" started-at="2020-07-27T02:56:57 EDT" finished-at="2020-07-27T02:56:57 EDT">
          <reporter-output>
          </reporter-output>
        </test-method> <!-- closingbrowser -->
      </class> <!-- com.maven.MainTest -->
    </test> <!-- Test -->
  </suite> <!-- Suite -->
</testng-results>
